#
# There is insufficient memory for the Java Runtime Environment to continue.
# Native memory allocation (mmap) failed to map 140509184 bytes for committing reserved memory.
# Possible reasons:
#   The system is out of physical RAM or swap space
#   In 32 bit mode, the process size limit was hit
# Possible solutions:
#   Reduce memory load on the system
#   Increase physical memory or swap space
#   Check if swap backing store is full
#   Use 64 bit Java on a 64 bit OS
#   Decrease Java heap size (-Xmx/-Xms)
#   Decrease number of Java threads
#   Decrease Java thread stack sizes (-Xss)
#   Set larger code cache with -XX:ReservedCodeCacheSize=
# This output file may be truncated or incomplete.
#
#  Out of Memory Error (os_linux.cpp:2630), pid=7744, tid=0x00007febdd14e700
#
# JRE version: OpenJDK Runtime Environment (8.0_111-b14) (build 1.8.0_111-8u111-b14-2ubuntu0.16.04.2-b14)
# Java VM: OpenJDK 64-Bit Server VM (25.111-b14 mixed mode linux-amd64 compressed oops)
# Failed to write core dump. Core dumps have been disabled. To enable core dumping, try "ulimit -c unlimited" before starting Java again
#

---------------  T H R E A D  ---------------

Current thread (0x00007febf0077800):  VMThread [stack: 0x00007febdd04e000,0x00007febdd14f000] [id=7753]

Stack: [0x00007febdd04e000,0x00007febdd14f000],  sp=0x00007febdd14d4c0,  free space=1021k
Native frames: (J=compiled Java code, j=interpreted, Vv=VM code, C=native code)
V  [libjvm.so+0xa64d2b]
V  [libjvm.so+0x4c2dac]
V  [libjvm.so+0x8b3ba0]
V  [libjvm.so+0x8ae01e]
V  [libjvm.so+0x9288f6]
V  [libjvm.so+0x929c23]
V  [libjvm.so+0x9262d3]
V  [libjvm.so+0x92659c]
V  [libjvm.so+0x8d8433]
V  [libjvm.so+0xa669e2]
V  [libjvm.so+0xa6bab7]
V  [libjvm.so+0xa69287]
V  [libjvm.so+0xa6a70f]
V  [libjvm.so+0xa6ac01]
V  [libjvm.so+0x8b1082]

VM_Operation (0x00007febf7f18b30): ParallelGCFailedAllocation, mode: safepoint, requested by thread 0x00007febf000a800


---------------  P R O C E S S  ---------------

Java Threads: ( => current thread )
  0x00007febf017e000 JavaThread "pool-2-thread-4" [_thread_blocked, id=7780, stack(0x00007febb78f9000,0x00007febb79fa000)]
  0x00007febf017c800 JavaThread "pool-2-thread-3" [_thread_blocked, id=7779, stack(0x00007febb79fa000,0x00007febb7afb000)]
  0x00007febf017b000 JavaThread "pool-2-thread-2" [_thread_blocked, id=7778, stack(0x00007febb7afb000,0x00007febb7bfc000)]
  0x00007febf0179000 JavaThread "pool-3-thread-1" [_thread_blocked, id=7777, stack(0x00007febb7bfc000,0x00007febb7cfd000)]
  0x00007febf0177800 JavaThread "pool-2-thread-1" [_thread_blocked, id=7776, stack(0x00007febb7cfd000,0x00007febb7dfe000)]
  0x00007febf00b9800 JavaThread "Service Thread" daemon [_thread_blocked, id=7766, stack(0x00007febb7eff000,0x00007febb8000000)]
  0x00007febf00b2000 JavaThread "C1 CompilerThread2" daemon [_thread_blocked, id=7762, stack(0x00007febdc089000,0x00007febdc18a000)]
  0x00007febf00b0800 JavaThread "C2 CompilerThread1" daemon [_thread_blocked, id=7760, stack(0x00007febdc18a000,0x00007febdc28b000)]
  0x00007febf00ad800 JavaThread "C2 CompilerThread0" daemon [_thread_blocked, id=7759, stack(0x00007febdc28b000,0x00007febdc38c000)]
  0x00007febf00ab800 JavaThread "Signal Dispatcher" daemon [_thread_blocked, id=7757, stack(0x00007febdc38c000,0x00007febdc48d000)]
  0x00007febf0083800 JavaThread "Finalizer" daemon [_thread_blocked, id=7755, stack(0x00007febdce4c000,0x00007febdcf4d000)]
  0x00007febf007f000 JavaThread "Reference Handler" daemon [_thread_blocked, id=7754, stack(0x00007febdcf4d000,0x00007febdd04e000)]
  0x00007febf000a800 JavaThread "main" [_thread_blocked, id=7746, stack(0x00007febf7e1b000,0x00007febf7f1c000)]

Other Threads:
=>0x00007febf0077800 VMThread [stack: 0x00007febdd04e000,0x00007febdd14f000] [id=7753]
  0x00007febf00bb800 WatcherThread [stack: 0x00007febb7dfe000,0x00007febb7eff000] [id=7769]

VM state:at safepoint (normal execution)

VM Mutex/Monitor currently owned by a thread:  ([mutex/lock_event])
[0x00007febf00068c0] Threads_lock - owner thread: 0x00007febf0077800
[0x00007febf0006dc0] Heap_lock - owner thread: 0x00007febf000a800

Heap:
 PSYoungGen      total 136192K, used 14825K [0x00000000eab00000, 0x00000000f4000000, 0x0000000100000000)
  eden space 121344K, 0% used [0x00000000eab00000,0x00000000eab00000,0x00000000f2180000)
  from space 14848K, 99% used [0x00000000f2180000,0x00000000f2ffa510,0x00000000f3000000)
  to   space 13312K, 0% used [0x00000000f3000000,0x00000000f3000000,0x00000000f3d00000)
 ParOldGen       total 40960K, used 33078K [0x00000000c0000000, 0x00000000c2800000, 0x00000000eab00000)
  object space 40960K, 80% used [0x00000000c0000000,0x00000000c204db58,0x00000000c2800000)
 Metaspace       used 6193K, capacity 7152K, committed 7296K, reserved 1056768K
  class space    used 592K, capacity 616K, committed 640K, reserved 1048576K

Card table byte_map: [0x00007febf42de000,0x00007febf44df000] byte_map_base: 0x00007febf3cde000

Marking Bits: (ParMarkBitMap*) 0x00007febf70ee220
 Begin Bits: [0x00007febdecfd000, 0x00007febdfcfd000)
 End Bits:   [0x00007febdfcfd000, 0x00007febe0cfd000)

Polling page: 0x00007febf7f3c000

CodeCache: size=245760Kb used=6835Kb max_used=6835Kb free=238924Kb
 bounds [0x00007febe1000000, 0x00007febe16c0000, 0x00007febf0000000]
 total_blobs=2103 nmethods=1842 adapters=176
 compilation: enabled

Compilation events (10 events):
Event: 6.132 Thread 0x00007febf00b2000 nmethod 2038 0x00007febe16ac6d0 code [0x00007febe16ac960, 0x00007febe16ad3d8]
Event: 6.132 Thread 0x00007febf00b2000 2039       2       java.util.Arrays::sort (19 bytes)
Event: 6.133 Thread 0x00007febf00b2000 nmethod 2039 0x00007febe16add10 code [0x00007febe16ade80, 0x00007febe16ae038]
Event: 6.137 Thread 0x00007febf00b2000 2040       2       com.android.dx.ssa.PhiInsn::updateSourcesToDefinitions (68 bytes)
Event: 6.139 Thread 0x00007febf00b2000 nmethod 2040 0x00007febe16ae110 code [0x00007febe16ae2c0, 0x00007febe16ae698]
Event: 6.139 Thread 0x00007febf00b2000 2041   !   2       com.android.dx.rop.cst.CstType::intern (48 bytes)
Event: 6.248 Thread 0x00007febf00b2000 nmethod 2041 0x00007febe16aea50 code [0x00007febe16aec00, 0x00007febe16af108]
Event: 6.256 Thread 0x00007febf00b2000 2047       3       com.android.dx.ssa.SsaBasicBlock::replaceSuccessor (125 bytes)
Event: 6.298 Thread 0x00007febf00b2000 nmethod 2047 0x00007febe16af650 code [0x00007febe16af8e0, 0x00007febe16b06f8]
Event: 6.299 Thread 0x00007febf00b2000 2052       3       com.android.dx.cf.code.Ropper::getRopMethod (64 bytes)

GC Heap History (10 events):
Event: 1.541 GC heap after
Heap after GC invocations=2 (full 0):
 PSYoungGen      total 33280K, used 2531K [0x00000000eab00000, 0x00000000ece00000, 0x0000000100000000)
  eden space 30720K, 0% used [0x00000000eab00000,0x00000000eab00000,0x00000000ec900000)
  from space 2560K, 98% used [0x00000000ecb80000,0x00000000ecdf8e58,0x00000000ece00000)
  to   space 2560K, 0% used [0x00000000ec900000,0x00000000ec900000,0x00000000ecb80000)
 ParOldGen       total 40960K, used 1524K [0x00000000c0000000, 0x00000000c2800000, 0x00000000eab00000)
  object space 40960K, 3% used [0x00000000c0000000,0x00000000c017d230,0x00000000c2800000)
 Metaspace       used 5643K, capacity 6768K, committed 7040K, reserved 1056768K
  class space    used 573K, capacity 616K, committed 640K, reserved 1048576K
}
Event: 2.358 GC heap before
{Heap before GC invocations=3 (full 0):
 PSYoungGen      total 33280K, used 33251K [0x00000000eab00000, 0x00000000ece00000, 0x0000000100000000)
  eden space 30720K, 100% used [0x00000000eab00000,0x00000000ec900000,0x00000000ec900000)
  from space 2560K, 98% used [0x00000000ecb80000,0x00000000ecdf8e58,0x00000000ece00000)
  to   space 2560K, 0% used [0x00000000ec900000,0x00000000ec900000,0x00000000ecb80000)
 ParOldGen       total 40960K, used 1524K [0x00000000c0000000, 0x00000000c2800000, 0x00000000eab00000)
  object space 40960K, 3% used [0x00000000c0000000,0x00000000c017d230,0x00000000c2800000)
 Metaspace       used 5718K, capacity 6832K, committed 7040K, reserved 1056768K
  class space    used 573K, capacity 616K, committed 640K, reserved 1048576K
Event: 2.466 GC heap after
Heap after GC invocations=3 (full 0):
 PSYoungGen      total 33280K, used 2533K [0x00000000eab00000, 0x00000000eec00000, 0x0000000100000000)
  eden space 30720K, 0% used [0x00000000eab00000,0x00000000eab00000,0x00000000ec900000)
  from space 2560K, 98% used [0x00000000ec900000,0x00000000ecb797d8,0x00000000ecb80000)
  to   space 2560K, 0% used [0x00000000ee980000,0x00000000ee980000,0x00000000eec00000)
 ParOldGen       total 40960K, used 6685K [0x00000000c0000000, 0x00000000c2800000, 0x00000000eab00000)
  object space 40960K, 16% used [0x00000000c0000000,0x00000000c06874b0,0x00000000c2800000)
 Metaspace       used 5718K, capacity 6832K, committed 7040K, reserved 1056768K
  class space    used 573K, capacity 616K, committed 640K, reserved 1048576K
}
Event: 2.891 GC heap before
{Heap before GC invocations=4 (full 0):
 PSYoungGen      total 33280K, used 33253K [0x00000000eab00000, 0x00000000eec00000, 0x0000000100000000)
  eden space 30720K, 100% used [0x00000000eab00000,0x00000000ec900000,0x00000000ec900000)
  from space 2560K, 98% used [0x00000000ec900000,0x00000000ecb797d8,0x00000000ecb80000)
  to   space 2560K, 0% used [0x00000000ee980000,0x00000000ee980000,0x00000000eec00000)
 ParOldGen       total 40960K, used 6685K [0x00000000c0000000, 0x00000000c2800000, 0x00000000eab00000)
  object space 40960K, 16% used [0x00000000c0000000,0x00000000c06874b0,0x00000000c2800000)
 Metaspace       used 5785K, capacity 6896K, committed 7040K, reserved 1056768K
  class space    used 573K, capacity 616K, committed 640K, reserved 1048576K
Event: 3.030 GC heap after
Heap after GC invocations=4 (full 0):
 PSYoungGen      total 64000K, used 2554K [0x00000000eab00000, 0x00000000eec00000, 0x0000000100000000)
  eden space 61440K, 0% used [0x00000000eab00000,0x00000000eab00000,0x00000000ee700000)
  from space 2560K, 99% used [0x00000000ee980000,0x00000000eebfea10,0x00000000eec00000)
  to   space 2560K, 0% used [0x00000000ee700000,0x00000000ee700000,0x00000000ee980000)
 ParOldGen       total 40960K, used 10952K [0x00000000c0000000, 0x00000000c2800000, 0x00000000eab00000)
  object space 40960K, 26% used [0x00000000c0000000,0x00000000c0ab2228,0x00000000c2800000)
 Metaspace       used 5785K, capacity 6896K, committed 7040K, reserved 1056768K
  class space    used 573K, capacity 616K, committed 640K, reserved 1048576K
}
Event: 3.751 GC heap before
{Heap before GC invocations=5 (full 0):
 PSYoungGen      total 64000K, used 63994K [0x00000000eab00000, 0x00000000eec00000, 0x0000000100000000)
  eden space 61440K, 100% used [0x00000000eab00000,0x00000000ee700000,0x00000000ee700000)
  from space 2560K, 99% used [0x00000000ee980000,0x00000000eebfea10,0x00000000eec00000)
  to   space 2560K, 0% used [0x00000000ee700000,0x00000000ee700000,0x00000000ee980000)
 ParOldGen       total 40960K, used 10952K [0x00000000c0000000, 0x00000000c2800000, 0x00000000eab00000)
  object space 40960K, 26% used [0x00000000c0000000,0x00000000c0ab2228,0x00000000c2800000)
 Metaspace       used 5832K, capacity 6896K, committed 7040K, reserved 1056768K
  class space    used 574K, capacity 616K, committed 640K, reserved 1048576K
Event: 3.854 GC heap after
Heap after GC invocations=5 (full 0):
 PSYoungGen      total 64000K, used 2538K [0x00000000eab00000, 0x00000000f3d00000, 0x0000000100000000)
  eden space 61440K, 0% used [0x00000000eab00000,0x00000000eab00000,0x00000000ee700000)
  from space 2560K, 99% used [0x00000000ee700000,0x00000000ee97a848,0x00000000ee980000)
  to   space 13312K, 0% used [0x00000000f3000000,0x00000000f3000000,0x00000000f3d00000)
 ParOldGen       total 40960K, used 20485K [0x00000000c0000000, 0x00000000c2800000, 0x00000000eab00000)
  object space 40960K, 50% used [0x00000000c0000000,0x00000000c14014c8,0x00000000c2800000)
 Metaspace       used 5832K, capacity 6896K, committed 7040K, reserved 1056768K
  class space    used 574K, capacity 616K, committed 640K, reserved 1048576K
}
Event: 4.387 GC heap before
{Heap before GC invocations=6 (full 0):
 PSYoungGen      total 64000K, used 63978K [0x00000000eab00000, 0x00000000f3d00000, 0x0000000100000000)
  eden space 61440K, 100% used [0x00000000eab00000,0x00000000ee700000,0x00000000ee700000)
  from space 2560K, 99% used [0x00000000ee700000,0x00000000ee97a848,0x00000000ee980000)
  to   space 13312K, 0% used [0x00000000f3000000,0x00000000f3000000,0x00000000f3d00000)
 ParOldGen       total 40960K, used 20485K [0x00000000c0000000, 0x00000000c2800000, 0x00000000eab00000)
  object space 40960K, 50% used [0x00000000c0000000,0x00000000c14014c8,0x00000000c2800000)
 Metaspace       used 6044K, capacity 7024K, committed 7296K, reserved 1056768K
  class space    used 592K, capacity 616K, committed 640K, reserved 1048576K
Event: 4.990 GC heap after
Heap after GC invocations=6 (full 0):
 PSYoungGen      total 134656K, used 11077K [0x00000000eab00000, 0x00000000f4000000, 0x0000000100000000)
  eden space 121344K, 0% used [0x00000000eab00000,0x00000000eab00000,0x00000000f2180000)
  from space 13312K, 83% used [0x00000000f3000000,0x00000000f3ad1650,0x00000000f3d00000)
  to   space 14848K, 0% used [0x00000000f2180000,0x00000000f2180000,0x00000000f3000000)
 ParOldGen       total 40960K, used 20485K [0x00000000c0000000, 0x00000000c2800000, 0x00000000eab00000)
  object space 40960K, 50% used [0x00000000c0000000,0x00000000c14014c8,0x00000000c2800000)
 Metaspace       used 6044K, capacity 7024K, committed 7296K, reserved 1056768K
  class space    used 592K, capacity 616K, committed 640K, reserved 1048576K
}
Event: 6.315 GC heap before
{Heap before GC invocations=7 (full 0):
 PSYoungGen      total 134656K, used 132421K [0x00000000eab00000, 0x00000000f4000000, 0x0000000100000000)
  eden space 121344K, 100% used [0x00000000eab00000,0x00000000f2180000,0x00000000f2180000)
  from space 13312K, 83% used [0x00000000f3000000,0x00000000f3ad1650,0x00000000f3d00000)
  to   space 14848K, 0% used [0x00000000f2180000,0x00000000f2180000,0x00000000f3000000)
 ParOldGen       total 40960K, used 20485K [0x00000000c0000000, 0x00000000c2800000, 0x00000000eab00000)
  object space 40960K, 50% used [0x00000000c0000000,0x00000000c14014c8,0x00000000c2800000)
 Metaspace       used 6193K, capacity 7152K, committed 7296K, reserved 1056768K
  class space    used 592K, capacity 616K, committed 640K, reserved 1048576K

Deoptimization events (10 events):
Event: 4.256 Thread 0x00007febf017c800 Uncommon trap: reason=unstable_if action=reinterpret pc=0x00007febe12dbc3c method=java.util.HashMap.putVal(ILjava/lang/Object;Ljava/lang/Object;ZZ)Ljava/lang/Object; @ 162
Event: 4.364 Thread 0x00007febf017e000 Uncommon trap: reason=unstable_if action=reinterpret pc=0x00007febe1548484 method=com.android.dx.ssa.LiteralOpUpgrader$1.visitNonMoveInsn(Lcom/android/dx/ssa/NormalSsaInsn;)V @ 176
Event: 5.032 Thread 0x00007febf017b000 Uncommon trap: reason=unstable_if action=reinterpret pc=0x00007febe14bfba4 method=java.util.HashMap.putVal(ILjava/lang/Object;Ljava/lang/Object;ZZ)Ljava/lang/Object; @ 162
Event: 5.144 Thread 0x00007febf000a800 Uncommon trap: reason=bimorphic action=maybe_recompile pc=0x00007febe15e5328 method=com.android.dx.cf.code.BytecodeArray.parseInstruction(ILcom/android/dx/cf/code/BytecodeArray$Visitor;)I @ 971
Event: 5.144 Thread 0x00007febf000a800 Uncommon trap: reason=bimorphic action=maybe_recompile pc=0x00007febe15e5328 method=com.android.dx.cf.code.BytecodeArray.parseInstruction(ILcom/android/dx/cf/code/BytecodeArray$Visitor;)I @ 971
Event: 5.164 Thread 0x00007febf000a800 Uncommon trap: reason=bimorphic action=maybe_recompile pc=0x00007febe15e52ac method=com.android.dx.cf.code.BytecodeArray.parseInstruction(ILcom/android/dx/cf/code/BytecodeArray$Visitor;)I @ 955
Event: 5.164 Thread 0x00007febf000a800 Uncommon trap: reason=bimorphic action=maybe_recompile pc=0x00007febe15e5720 method=com.android.dx.cf.code.BytecodeArray.parseInstruction(ILcom/android/dx/cf/code/BytecodeArray$Visitor;)I @ 1130
Event: 5.164 Thread 0x00007febf000a800 Uncommon trap: reason=bimorphic action=maybe_recompile pc=0x00007febe15e5720 method=com.android.dx.cf.code.BytecodeArray.parseInstruction(ILcom/android/dx/cf/code/BytecodeArray$Visitor;)I @ 1130
Event: 5.210 Thread 0x00007febf017c800 Uncommon trap: reason=unstable_if action=reinterpret pc=0x00007febe150b580 method=com.android.dx.ssa.MoveParamCombiner$1.visitNonMoveInsn(Lcom/android/dx/ssa/NormalSsaInsn;)V @ 27
Event: 5.741 Thread 0x00007febf017e000 Uncommon trap: reason=unstable_if action=reinterpret pc=0x00007febe13ed984 method=com.android.dx.dex.code.OutputFinisher.hasLocalInfo(Lcom/android/dx/dex/code/DalvInsn;)Z @ 24

Internal exceptions (6 events):
Event: 0.030 Thread 0x00007febf000a800 Exception <a 'java/lang/NoSuchMethodError': Method sun.misc.Unsafe.defineClass(Ljava/lang/String;[BII)Ljava/lang/Class; name or signature does not match> (0x00000000eab07c78) thrown at [/build/openjdk-8-8jAw7G/openjdk-8-8u111-b14/src/hotspot/src/share/vm/
Event: 0.030 Thread 0x00007febf000a800 Exception <a 'java/lang/NoSuchMethodError': Method sun.misc.Unsafe.prefetchRead(Ljava/lang/Object;J)V name or signature does not match> (0x00000000eab07f60) thrown at [/build/openjdk-8-8jAw7G/openjdk-8-8u111-b14/src/hotspot/src/share/vm/prims/jni.cpp, lin
Event: 1.979 Thread 0x00007febf0177800 Implicit null exception at 0x00007febe12b1a71 to 0x00007febe12b37ad
Event: 4.294 Thread 0x00007febf017c800 Exception <a 'java/lang/ArrayIndexOutOfBoundsException': 18> (0x00000000ecefd0e0) thrown at [/build/openjdk-8-8jAw7G/openjdk-8-8u111-b14/src/hotspot/src/share/vm/interpreter/interpreterRuntime.cpp, line 366]
Event: 4.294 Thread 0x00007febf017c800 Exception <a 'java/lang/ArrayIndexOutOfBoundsException': 145> (0x00000000ecefec60) thrown at [/build/openjdk-8-8jAw7G/openjdk-8-8u111-b14/src/hotspot/src/share/vm/interpreter/interpreterRuntime.cpp, line 366]
Event: 4.295 Thread 0x00007febf017c800 Exception <a 'java/lang/ArrayIndexOutOfBoundsException': 40> (0x00000000ecefff48) thrown at [/build/openjdk-8-8jAw7G/openjdk-8-8u111-b14/src/hotspot/src/share/vm/interpreter/interpreterRuntime.cpp, line 366]

Events (10 events):
Event: 5.741 Thread 0x00007febf017e000 Uncommon trap: trap_request=0xffffff65 fr.pc=0x00007febe13ed984
Event: 5.741 Thread 0x00007febf017e000 DEOPT PACKING pc=0x00007febe13ed984 sp=0x00007febb79f80b0
Event: 5.741 Thread 0x00007febf017e000 DEOPT UNPACKING pc=0x00007febe1004f69 sp=0x00007febb79f7fe8 mode 2
Event: 6.016 Thread 0x00007febf000a800 DEOPT PACKING pc=0x00007febe1553c42 sp=0x00007febf7f19ed0
Event: 6.019 Thread 0x00007febf000a800 DEOPT UNPACKING pc=0x00007febe1046f73 sp=0x00007febf7f19d08 mode 0
Event: 6.130 Thread 0x00007febf017c800 DEOPT PACKING pc=0x00007febe1633216 sp=0x00007febb7af8e70
Event: 6.130 Thread 0x00007febf017c800 DEOPT UNPACKING pc=0x00007febe1046f73 sp=0x00007febb7af8c98 mode 0
Event: 6.286 Thread 0x00007febf0177800 DEOPT PACKING pc=0x00007febe14d365a sp=0x00007febb7dfc240
Event: 6.299 Executing VM operation: ParallelGCFailedAllocation
Event: 6.304 Thread 0x00007febf0177800 DEOPT UNPACKING pc=0x00007febe1046f73 sp=0x00007febb7dfbff0 mode 0


Dynamic libraries:
00400000-00401000 r-xp 00000000 08:11 1316818                            /usr/lib/jvm/java-8-openjdk-amd64/jre/bin/java
00600000-00601000 r--p 00000000 08:11 1316818                            /usr/lib/jvm/java-8-openjdk-amd64/jre/bin/java
00601000-00602000 rw-p 00001000 08:11 1316818                            /usr/lib/jvm/java-8-openjdk-amd64/jre/bin/java
009c4000-009e5000 rw-p 00000000 00:00 0                                  [heap]
c0000000-c2800000 rw-p 00000000 00:00 0 
c2800000-eab00000 ---p 00000000 00:00 0 
eab00000-f4000000 rw-p 00000000 00:00 0 
fc600000-100000000 ---p 00000000 00:00 0 
100000000-1000a0000 rw-p 00000000 00:00 0 
1000a0000-140000000 ---p 00000000 00:00 0 
7feb8c000000-7feb8c02e000 rw-p 00000000 00:00 0 
7feb8c02e000-7feb90000000 ---p 00000000 00:00 0 
7feb94000000-7feb94021000 rw-p 00000000 00:00 0 
7feb94021000-7feb98000000 ---p 00000000 00:00 0 
7feb98000000-7feb98025000 rw-p 00000000 00:00 0 
7feb98025000-7feb9c000000 ---p 00000000 00:00 0 
7feb9c000000-7feb9c038000 rw-p 00000000 00:00 0 
7feb9c038000-7feba0000000 ---p 00000000 00:00 0 
7feba0000000-7feba0021000 rw-p 00000000 00:00 0 
7feba0021000-7feba4000000 ---p 00000000 00:00 0 
7feba4000000-7feba4021000 rw-p 00000000 00:00 0 
7feba4021000-7feba8000000 ---p 00000000 00:00 0 
7feba8000000-7feba8021000 rw-p 00000000 00:00 0 
7feba8021000-7febac000000 ---p 00000000 00:00 0 
7febac000000-7febac885000 rw-p 00000000 00:00 0 
7febac885000-7febb0000000 ---p 00000000 00:00 0 
7febb0000000-7febb0d50000 rw-p 00000000 00:00 0 
7febb0d50000-7febb4000000 ---p 00000000 00:00 0 
7febb78f9000-7febb78fc000 ---p 00000000 00:00 0 
7febb78fc000-7febb79fa000 rw-p 00000000 00:00 0 
7febb79fa000-7febb79fd000 ---p 00000000 00:00 0 
7febb79fd000-7febb7afb000 rw-p 00000000 00:00 0 
7febb7afb000-7febb7afe000 ---p 00000000 00:00 0 
7febb7afe000-7febb7bfc000 rw-p 00000000 00:00 0 
7febb7bfc000-7febb7bff000 ---p 00000000 00:00 0 
7febb7bff000-7febb7cfd000 rw-p 00000000 00:00 0 
7febb7cfd000-7febb7d00000 ---p 00000000 00:00 0 
7febb7d00000-7febb7dfe000 rw-p 00000000 00:00 0 
7febb7dfe000-7febb7dff000 ---p 00000000 00:00 0 
7febb7dff000-7febb7eff000 rw-p 00000000 00:00 0 
7febb7eff000-7febb7f02000 ---p 00000000 00:00 0 
7febb7f02000-7febb8000000 rw-p 00000000 00:00 0 
7febb8000000-7febb8021000 rw-p 00000000 00:00 0 
7febb8021000-7febbc000000 ---p 00000000 00:00 0 
7febbc000000-7febbcb1c000 rw-p 00000000 00:00 0 
7febbcb1c000-7febc0000000 ---p 00000000 00:00 0 
7febc0000000-7febc0021000 rw-p 00000000 00:00 0 
7febc0021000-7febc4000000 ---p 00000000 00:00 0 
7febc4000000-7febc4021000 rw-p 00000000 00:00 0 
7febc4021000-7febc8000000 ---p 00000000 00:00 0 
7febc8000000-7febc8021000 rw-p 00000000 00:00 0 
7febc8021000-7febcc000000 ---p 00000000 00:00 0 
7febcc000000-7febcc021000 rw-p 00000000 00:00 0 
7febcc021000-7febd0000000 ---p 00000000 00:00 0 
7febd0000000-7febd0021000 rw-p 00000000 00:00 0 
7febd0021000-7febd4000000 ---p 00000000 00:00 0 
7febd4000000-7febd4021000 rw-p 00000000 00:00 0 
7febd4021000-7febd8000000 ---p 00000000 00:00 0 
7febd8000000-7febd8021000 rw-p 00000000 00:00 0 
7febd8021000-7febdc000000 ---p 00000000 00:00 0 
7febdc060000-7febdc06e000 r--s 000e0000 08:11 1056193                    /home/silare/Development/Android/Sdk/build-tools/25.0.1/lib/dx.jar
7febdc06e000-7febdc089000 r--s 001d5000 08:11 1453486                    /usr/lib/jvm/java-8-openjdk-amd64/jre/lib/ext/nashorn.jar
7febdc089000-7febdc08c000 ---p 00000000 00:00 0 
7febdc08c000-7febdc18a000 rw-p 00000000 00:00 0 
7febdc18a000-7febdc18d000 ---p 00000000 00:00 0 
7febdc18d000-7febdc28b000 rw-p 00000000 00:00 0 
7febdc28b000-7febdc28e000 ---p 00000000 00:00 0 
7febdc28e000-7febdc38c000 rw-p 00000000 00:00 0 
7febdc38c000-7febdc38f000 ---p 00000000 00:00 0 
7febdc38f000-7febdc48d000 rw-p 00000000 00:00 0 
7febdc48d000-7febdce4c000 r--p 00000000 08:11 663299                     /usr/lib/locale/locale-archive
7febdce4c000-7febdce4f000 ---p 00000000 00:00 0 
7febdce4f000-7febdcf4d000 rw-p 00000000 00:00 0 
7febdcf4d000-7febdcf50000 ---p 00000000 00:00 0 
7febdcf50000-7febdd04e000 rw-p 00000000 00:00 0 
7febdd04e000-7febdd04f000 ---p 00000000 00:00 0 
7febdd04f000-7febde12f000 rw-p 00000000 00:00 0 
7febde12f000-7febde2fd000 r--s 03bf1000 08:11 1316802                    /usr/lib/jvm/java-8-openjdk-amd64/jre/lib/rt.jar
7febde2fd000-7febde97d000 rw-p 00000000 00:00 0 
7febde97d000-7febdeafd000 ---p 00000000 00:00 0 
7febdeafd000-7febe0cfd000 rw-p 00000000 00:00 0 
7febe0cfd000-7febe0cfe000 ---p 00000000 00:00 0 
7febe0cfe000-7febe0dfe000 rw-p 00000000 00:00 0 
7febe0dfe000-7febe0dff000 ---p 00000000 00:00 0 
7febe0dff000-7febe0eff000 rw-p 00000000 00:00 0 
7febe0eff000-7febe0f00000 ---p 00000000 00:00 0 
7febe0f00000-7febe1000000 rw-p 00000000 00:00 0 
7febe1000000-7febe16c0000 rwxp 00000000 00:00 0 
7febe16c0000-7febf0000000 ---p 00000000 00:00 0 
7febf0000000-7febf01c4000 rw-p 00000000 00:00 0 
7febf01c4000-7febf4000000 ---p 00000000 00:00 0 
7febf4000000-7febf400a000 r--s 000a0000 08:11 2382538                    /home/silare/Development/Udacity/ud851-Sunshine/S11.02-Exercise-TodayListItem/app/build/intermediates/exploded-aar/com.android.support/appcompat-v7/25.1.0/jars/classes.jar
7febf400a000-7febf400c000 r--s 00001000 08:11 1453499                    /usr/lib/jvm/java-8-openjdk-amd64/jre/lib/ext/dnsns.jar
7febf400c000-7febf4011000 r--s 0003b000 08:11 1453490                    /usr/lib/jvm/java-8-openjdk-amd64/jre/lib/ext/sunjce_provider.jar
7febf4011000-7febf4087000 rw-p 00000000 00:00 0 
7febf4087000-7febf4088000 ---p 00000000 00:00 0 
7febf4088000-7febf419c000 rw-p 00000000 00:00 0 
7febf419c000-7febf42de000 ---p 00000000 00:00 0 
7febf42de000-7febf42f2000 rw-p 00000000 00:00 0 
7febf42f2000-7febf4433000 ---p 00000000 00:00 0 
7febf4433000-7febf447e000 rw-p 00000000 00:00 0 
7febf447e000-7febf44de000 ---p 00000000 00:00 0 
7febf44de000-7febf44fa000 rw-p 00000000 00:00 0 
7febf44fa000-7febf489f000 ---p 00000000 00:00 0 
7febf489f000-7febf48a7000 r-xp 00000000 08:11 1316774                    /usr/lib/jvm/java-8-openjdk-amd64/jre/lib/amd64/libzip.so
7febf48a7000-7febf4aa6000 ---p 00008000 08:11 1316774                    /usr/lib/jvm/java-8-openjdk-amd64/jre/lib/amd64/libzip.so
7febf4aa6000-7febf4aa7000 r--p 00007000 08:11 1316774                    /usr/lib/jvm/java-8-openjdk-amd64/jre/lib/amd64/libzip.so
7febf4aa7000-7febf4aa8000 rw-p 00008000 08:11 1316774                    /usr/lib/jvm/java-8-openjdk-amd64/jre/lib/amd64/libzip.so
7febf4aa8000-7febf4ab3000 r-xp 00000000 08:11 1053772                    /lib/x86_64-linux-gnu/libnss_files-2.23.so
7febf4ab3000-7febf4cb2000 ---p 0000b000 08:11 1053772                    /lib/x86_64-linux-gnu/libnss_files-2.23.so
7febf4cb2000-7febf4cb3000 r--p 0000a000 08:11 1053772                    /lib/x86_64-linux-gnu/libnss_files-2.23.so
7febf4cb3000-7febf4cb4000 rw-p 0000b000 08:11 1053772                    /lib/x86_64-linux-gnu/libnss_files-2.23.so
7febf4cb4000-7febf4cba000 rw-p 00000000 00:00 0 
7febf4cba000-7febf4cc5000 r-xp 00000000 08:11 1053782                    /lib/x86_64-linux-gnu/libnss_nis-2.23.so
7febf4cc5000-7febf4ec4000 ---p 0000b000 08:11 1053782                    /lib/x86_64-linux-gnu/libnss_nis-2.23.so
7febf4ec4000-7febf4ec5000 r--p 0000a000 08:11 1053782                    /lib/x86_64-linux-gnu/libnss_nis-2.23.so
7febf4ec5000-7febf4ec6000 rw-p 0000b000 08:11 1053782                    /lib/x86_64-linux-gnu/libnss_nis-2.23.so
7febf4ec6000-7febf4edc000 r-xp 00000000 08:11 1053766                    /lib/x86_64-linux-gnu/libnsl-2.23.so
7febf4edc000-7febf50db000 ---p 00016000 08:11 1053766                    /lib/x86_64-linux-gnu/libnsl-2.23.so
7febf50db000-7febf50dc000 r--p 00015000 08:11 1053766                    /lib/x86_64-linux-gnu/libnsl-2.23.so
7febf50dc000-7febf50dd000 rw-p 00016000 08:11 1053766                    /lib/x86_64-linux-gnu/libnsl-2.23.so
7febf50dd000-7febf50df000 rw-p 00000000 00:00 0 
7febf50df000-7febf50e7000 r-xp 00000000 08:11 1053768                    /lib/x86_64-linux-gnu/libnss_compat-2.23.so
7febf50e7000-7febf52e6000 ---p 00008000 08:11 1053768                    /lib/x86_64-linux-gnu/libnss_compat-2.23.so
7febf52e6000-7febf52e7000 r--p 00007000 08:11 1053768                    /lib/x86_64-linux-gnu/libnss_compat-2.23.so
7febf52e7000-7febf52e8000 rw-p 00008000 08:11 1053768                    /lib/x86_64-linux-gnu/libnss_compat-2.23.so
7febf52e8000-7febf5315000 r-xp 00000000 08:11 1316769                    /usr/lib/jvm/java-8-openjdk-amd64/jre/lib/amd64/libjava.so
7febf5315000-7febf5514000 ---p 0002d000 08:11 1316769                    /usr/lib/jvm/java-8-openjdk-amd64/jre/lib/amd64/libjava.so
7febf5514000-7febf5515000 r--p 0002c000 08:11 1316769                    /usr/lib/jvm/java-8-openjdk-amd64/jre/lib/amd64/libjava.so
7febf5515000-7febf5517000 rw-p 0002d000 08:11 1316769                    /usr/lib/jvm/java-8-openjdk-amd64/jre/lib/amd64/libjava.so
7febf5517000-7febf5526000 r-xp 00000000 08:11 1316772                    /usr/lib/jvm/java-8-openjdk-amd64/jre/lib/amd64/libverify.so
7febf5526000-7febf5725000 ---p 0000f000 08:11 1316772                    /usr/lib/jvm/java-8-openjdk-amd64/jre/lib/amd64/libverify.so
7febf5725000-7febf5727000 r--p 0000e000 08:11 1316772                    /usr/lib/jvm/java-8-openjdk-amd64/jre/lib/amd64/libverify.so
7febf5727000-7febf5728000 rw-p 00010000 08:11 1316772                    /usr/lib/jvm/java-8-openjdk-amd64/jre/lib/amd64/libverify.so
7febf5728000-7febf572f000 r-xp 00000000 08:11 1053827                    /lib/x86_64-linux-gnu/librt-2.23.so
7febf572f000-7febf592e000 ---p 00007000 08:11 1053827                    /lib/x86_64-linux-gnu/librt-2.23.so
7febf592e000-7febf592f000 r--p 00006000 08:11 1053827                    /lib/x86_64-linux-gnu/librt-2.23.so
7febf592f000-7febf5930000 rw-p 00007000 08:11 1053827                    /lib/x86_64-linux-gnu/librt-2.23.so
7febf5930000-7febf5946000 r-xp 00000000 08:11 1053711                    /lib/x86_64-linux-gnu/libgcc_s.so.1
7febf5946000-7febf5b45000 ---p 00016000 08:11 1053711                    /lib/x86_64-linux-gnu/libgcc_s.so.1
7febf5b45000-7febf5b46000 rw-p 00015000 08:11 1053711                    /lib/x86_64-linux-gnu/libgcc_s.so.1
7febf5b46000-7febf5c4e000 r-xp 00000000 08:11 1053743                    /lib/x86_64-linux-gnu/libm-2.23.so
7febf5c4e000-7febf5e4d000 ---p 00108000 08:11 1053743                    /lib/x86_64-linux-gnu/libm-2.23.so
7febf5e4d000-7febf5e4e000 r--p 00107000 08:11 1053743                    /lib/x86_64-linux-gnu/libm-2.23.so
7febf5e4e000-7febf5e4f000 rw-p 00108000 08:11 1053743                    /lib/x86_64-linux-gnu/libm-2.23.so
7febf5e4f000-7febf5fc1000 r-xp 00000000 08:11 655772                     /usr/lib/x86_64-linux-gnu/libstdc++.so.6.0.21
7febf5fc1000-7febf61c1000 ---p 00172000 08:11 655772                     /usr/lib/x86_64-linux-gnu/libstdc++.so.6.0.21
7febf61c1000-7febf61cb000 r--p 00172000 08:11 655772                     /usr/lib/x86_64-linux-gnu/libstdc++.so.6.0.21
7febf61cb000-7febf61cd000 rw-p 0017c000 08:11 655772                     /usr/lib/x86_64-linux-gnu/libstdc++.so.6.0.21
7febf61cd000-7febf61d1000 rw-p 00000000 00:00 0 
7febf61d1000-7febf6e20000 r-xp 00000000 08:11 1316775                    /usr/lib/jvm/java-8-openjdk-amd64/jre/lib/amd64/server/libjvm.so
7febf6e20000-7febf701f000 ---p 00c4f000 08:11 1316775                    /usr/lib/jvm/java-8-openjdk-amd64/jre/lib/amd64/server/libjvm.so
7febf701f000-7febf70b2000 r--p 00c4e000 08:11 1316775                    /usr/lib/jvm/java-8-openjdk-amd64/jre/lib/amd64/server/libjvm.so
7febf70b2000-7febf70db000 rw-p 00ce1000 08:11 1316775                    /usr/lib/jvm/java-8-openjdk-amd64/jre/lib/amd64/server/libjvm.so
7febf70db000-7febf710b000 rw-p 00000000 00:00 0 
7febf710b000-7febf7123000 r-xp 00000000 08:11 1053819                    /lib/x86_64-linux-gnu/libpthread-2.23.so
7febf7123000-7febf7322000 ---p 00018000 08:11 1053819                    /lib/x86_64-linux-gnu/libpthread-2.23.so
7febf7322000-7febf7323000 r--p 00017000 08:11 1053819                    /lib/x86_64-linux-gnu/libpthread-2.23.so
7febf7323000-7febf7324000 rw-p 00018000 08:11 1053819                    /lib/x86_64-linux-gnu/libpthread-2.23.so
7febf7324000-7febf7328000 rw-p 00000000 00:00 0 
7febf7328000-7febf732b000 r-xp 00000000 08:11 1053697                    /lib/x86_64-linux-gnu/libdl-2.23.so
7febf732b000-7febf752a000 ---p 00003000 08:11 1053697                    /lib/x86_64-linux-gnu/libdl-2.23.so
7febf752a000-7febf752b000 r--p 00002000 08:11 1053697                    /lib/x86_64-linux-gnu/libdl-2.23.so
7febf752b000-7febf752c000 rw-p 00003000 08:11 1053697                    /lib/x86_64-linux-gnu/libdl-2.23.so
7febf752c000-7febf7545000 r-xp 00000000 08:11 1053864                    /lib/x86_64-linux-gnu/libz.so.1.2.8
7febf7545000-7febf7744000 ---p 00019000 08:11 1053864                    /lib/x86_64-linux-gnu/libz.so.1.2.8
7febf7744000-7febf7745000 r--p 00018000 08:11 1053864                    /lib/x86_64-linux-gnu/libz.so.1.2.8
7febf7745000-7febf7746000 rw-p 00019000 08:11 1053864                    /lib/x86_64-linux-gnu/libz.so.1.2.8
7febf7746000-7febf7906000 r-xp 00000000 08:11 1053673                    /lib/x86_64-linux-gnu/libc-2.23.so
7febf7906000-7febf7b05000 ---p 001c0000 08:11 1053673                    /lib/x86_64-linux-gnu/libc-2.23.so
7febf7b05000-7febf7b09000 r--p 001bf000 08:11 1053673                    /lib/x86_64-linux-gnu/libc-2.23.so
7febf7b09000-7febf7b0b000 rw-p 001c3000 08:11 1053673                    /lib/x86_64-linux-gnu/libc-2.23.so
7febf7b0b000-7febf7b0f000 rw-p 00000000 00:00 0 
7febf7b0f000-7febf7b1c000 r-xp 00000000 08:11 1452716                    /usr/lib/jvm/java-8-openjdk-amd64/jre/lib/amd64/jli/libjli.so
7febf7b1c000-7febf7d1c000 ---p 0000d000 08:11 1452716                    /usr/lib/jvm/java-8-openjdk-amd64/jre/lib/amd64/jli/libjli.so
7febf7d1c000-7febf7d1d000 r--p 0000d000 08:11 1452716                    /usr/lib/jvm/java-8-openjdk-amd64/jre/lib/amd64/jli/libjli.so
7febf7d1d000-7febf7d1e000 rw-p 0000e000 08:11 1452716                    /usr/lib/jvm/java-8-openjdk-amd64/jre/lib/amd64/jli/libjli.so
7febf7d1e000-7febf7d44000 r-xp 00000000 08:11 1053645                    /lib/x86_64-linux-gnu/ld-2.23.so
7febf7d44000-7febf7d48000 r--s 00037000 08:11 1453492                    /usr/lib/jvm/java-8-openjdk-amd64/jre/lib/ext/sunpkcs11.jar
7febf7d48000-7febf7d63000 r--s 00394000 08:11 1452717                    /usr/lib/jvm/java-8-openjdk-amd64/jre/lib/ext/cldrdata.jar
7febf7d63000-7febf7e1b000 rw-p 00000000 00:00 0 
7febf7e1b000-7febf7e1e000 ---p 00000000 00:00 0 
7febf7e1e000-7febf7f21000 rw-p 00000000 00:00 0 
7febf7f22000-7febf7f24000 r--s 00008000 08:11 1453495                    /usr/lib/jvm/java-8-openjdk-amd64/jre/lib/ext/sunec.jar
7febf7f24000-7febf7f2e000 r--s 00116000 08:11 1453496                    /usr/lib/jvm/java-8-openjdk-amd64/jre/lib/ext/localedata.jar
7febf7f2e000-7febf7f31000 r--s 0000f000 08:11 1453498                    /usr/lib/jvm/java-8-openjdk-amd64/jre/lib/ext/icedtea-sound.jar
7febf7f31000-7febf7f32000 r--s 0000a000 08:11 1453494                    /usr/lib/jvm/java-8-openjdk-amd64/jre/lib/ext/jaccess.jar
7febf7f32000-7febf7f33000 r--s 00010000 08:11 1453497                    /usr/lib/jvm/java-8-openjdk-amd64/jre/lib/ext/zipfs.jar
7febf7f33000-7febf7f3b000 rw-s 00000000 08:11 149449                     /tmp/hsperfdata_silare/7744
7febf7f3b000-7febf7f3c000 rw-p 00000000 00:00 0 
7febf7f3c000-7febf7f3d000 ---p 00000000 00:00 0 
7febf7f3d000-7febf7f3f000 rw-p 00000000 00:00 0 
7febf7f3f000-7febf7f41000 r--p 00000000 00:00 0                          [vvar]
7febf7f41000-7febf7f43000 r-xp 00000000 00:00 0                          [vdso]
7febf7f43000-7febf7f44000 r--p 00025000 08:11 1053645                    /lib/x86_64-linux-gnu/ld-2.23.so
7febf7f44000-7febf7f45000 rw-p 00026000 08:11 1053645                    /lib/x86_64-linux-gnu/ld-2.23.so
7febf7f45000-7febf7f46000 rw-p 00000000 00:00 0 
7ffd551da000-7ffd551fc000 rw-p 00000000 00:00 0                          [stack]
ffffffffff600000-ffffffffff601000 r-xp 00000000 00:00 0                  [vsyscall]

VM Arguments:
jvm_args: -Djava.awt.headless=true -Xmx1024M -Dfile.encoding=UTF-8 -Duser.country=US -Duser.language=en -Duser.variant 
java_command: com.android.dx.command.Main --dex --force-jumbo --num-threads=4 --multi-dex --output /home/silare/Development/Udacity/ud851-Sunshine/S11.02-Exercise-TodayListItem/app/build/intermediates/transforms/dex/debug/folders/1000/10/com.android.support-appcompat-v7-25.1.0_482f54f83b608eee09347e0e3fd97e033078a64c /home/silare/Development/Udacity/ud851-Sunshine/S11.02-Exercise-TodayListItem/app/build/intermediates/exploded-aar/com.android.support/appcompat-v7/25.1.0/jars/classes.jar
java_class_path (initial): /home/silare/Development/Android/Sdk/build-tools/25.0.1/lib/dx.jar
Launcher Type: SUN_STANDARD

Environment Variables:
PATH=/home/silare/.cask/bin:/home/silare/.scripts:/usr/local/sbin:/usr/local/bin:/usr/sbin:/usr/bin:/sbin:/bin:/usr/games:/usr/local/games:/snap/bin:/home/silare/.rvm/bin:/home/silare/.rvm/bin
LD_LIBRARY_PATH=/opt/android-studio/bin:
SHELL=/bin/bash
DISPLAY=:0

Signal Handlers:
SIGSEGV: [libjvm.so+0xa65880], sa_mask[0]=11111111011111111101111111111110, sa_flags=SA_RESTART|SA_SIGINFO
SIGBUS: [libjvm.so+0xa65880], sa_mask[0]=11111111011111111101111111111110, sa_flags=SA_RESTART|SA_SIGINFO
SIGFPE: [libjvm.so+0x8af1c0], sa_mask[0]=11111111011111111101111111111110, sa_flags=SA_RESTART|SA_SIGINFO
SIGPIPE: [libjvm.so+0x8af1c0], sa_mask[0]=11111111011111111101111111111110, sa_flags=SA_RESTART|SA_SIGINFO
SIGXFSZ: [libjvm.so+0x8af1c0], sa_mask[0]=11111111011111111101111111111110, sa_flags=SA_RESTART|SA_SIGINFO
SIGILL: [libjvm.so+0x8af1c0], sa_mask[0]=11111111011111111101111111111110, sa_flags=SA_RESTART|SA_SIGINFO
SIGUSR1: SIG_DFL, sa_mask[0]=00000000000000000000000000000000, sa_flags=none
SIGUSR2: [libjvm.so+0x8af070], sa_mask[0]=00100000000000000000000000000000, sa_flags=SA_RESTART|SA_SIGINFO
SIGHUP: [libjvm.so+0x8af540], sa_mask[0]=11111111011111111101111111111110, sa_flags=SA_RESTART|SA_SIGINFO
SIGINT: [libjvm.so+0x8af540], sa_mask[0]=11111111011111111101111111111110, sa_flags=SA_RESTART|SA_SIGINFO
SIGTERM: [libjvm.so+0x8af540], sa_mask[0]=11111111011111111101111111111110, sa_flags=SA_RESTART|SA_SIGINFO
SIGQUIT: [libjvm.so+0x8af540], sa_mask[0]=11111111011111111101111111111110, sa_flags=SA_RESTART|SA_SIGINFO


---------------  S Y S T E M  ---------------

OS:DISTRIB_ID=Ubuntu
DISTRIB_RELEASE=16.04
DISTRIB_CODENAME=xenial
DISTRIB_DESCRIPTION="Ubuntu 16.04 LTS"

uname:Linux 4.4.0-57-generic #78-Ubuntu SMP Fri Dec 9 23:50:32 UTC 2016 x86_64
libc:glibc 2.23 NPTL 2.23 
rlimit: STACK 8192k, CORE 0k, NPROC 15003, NOFILE 65536, AS infinity
load average:8.09 2.43 1.11

/proc/meminfo:
MemTotal:        3879948 kB
MemFree:           85520 kB
MemAvailable:       1352 kB
Buffers:            1208 kB
Cached:           194464 kB
SwapCached:           44 kB
Active:          3038780 kB
Inactive:         611548 kB
Active(anon):    3021652 kB
Inactive(anon):   596464 kB
Active(file):      17128 kB
Inactive(file):    15084 kB
Unevictable:          32 kB
Mlocked:              32 kB
SwapTotal:        999420 kB
SwapFree:              0 kB
Dirty:               280 kB
Writeback:             0 kB
AnonPages:       3454212 kB
Mapped:            46568 kB
Shmem:            162232 kB
Slab:              68776 kB
SReclaimable:      34604 kB
SUnreclaim:        34172 kB
KernelStack:       11408 kB
PageTables:        37440 kB
NFS_Unstable:          0 kB
Bounce:                0 kB
WritebackTmp:          0 kB
CommitLimit:     2939392 kB
Committed_AS:    7827200 kB
VmallocTotal:   34359738367 kB
VmallocUsed:           0 kB
VmallocChunk:          0 kB
HardwareCorrupted:     0 kB
AnonHugePages:   1902592 kB
CmaTotal:              0 kB
CmaFree:               0 kB
HugePages_Total:       0
HugePages_Free:        0
HugePages_Rsvd:        0
HugePages_Surp:        0
Hugepagesize:       2048 kB
DirectMap4k:      114684 kB
DirectMap2M:     3911680 kB


CPU:total 4 (4 cores per cpu, 1 threads per core) family 6 model 23 stepping 10, cmov, cx8, fxsr, mmx, sse, sse2, sse3, ssse3, sse4.1, tsc

/proc/cpuinfo:
processor	: 0
vendor_id	: GenuineIntel
cpu family	: 6
model		: 23
model name	: Intel(R) Core(TM)2 Quad CPU    Q9400  @ 2.66GHz
stepping	: 10
microcode	: 0xa0c
cpu MHz		: 2659.977
cache size	: 3072 KB
physical id	: 0
siblings	: 4
core id		: 0
cpu cores	: 4
apicid		: 0
initial apicid	: 0
fpu		: yes
fpu_exception	: yes
cpuid level	: 13
wp		: yes
flags		: fpu vme de pse tsc msr pae mce cx8 apic sep mtrr pge mca cmov pat pse36 clflush dts acpi mmx fxsr sse sse2 ss ht tm pbe syscall nx lm constant_tsc arch_perfmon pebs bts rep_good nopl aperfmperf pni dtes64 monitor ds_cpl vmx smx est tm2 ssse3 cx16 xtpr pdcm sse4_1 xsave lahf_lm tpr_shadow vnmi flexpriority dtherm
bugs		:
bogomips	: 5319.95
clflush size	: 64
cache_alignment	: 64
address sizes	: 36 bits physical, 48 bits virtual
power management:

processor	: 1
vendor_id	: GenuineIntel
cpu family	: 6
model		: 23
model name	: Intel(R) Core(TM)2 Quad CPU    Q9400  @ 2.66GHz
stepping	: 10
microcode	: 0xa0c
cpu MHz		: 2659.977
cache size	: 3072 KB
physical id	: 0
siblings	: 4
core id		: 1
cpu cores	: 4
apicid		: 1
initial apicid	: 1
fpu		: yes
fpu_exception	: yes
cpuid level	: 13
wp		: yes
flags		: fpu vme de pse tsc msr pae mce cx8 apic sep mtrr pge mca cmov pat pse36 clflush dts acpi mmx fxsr sse sse2 ss ht tm pbe syscall nx lm constant_tsc arch_perfmon pebs bts rep_good nopl aperfmperf pni dtes64 monitor ds_cpl vmx smx est tm2 ssse3 cx16 xtpr pdcm sse4_1 xsave lahf_lm tpr_shadow vnmi flexpriority dtherm
bugs		:
bogomips	: 5319.95
clflush size	: 64
cache_alignment	: 64
address sizes	: 36 bits physical, 48 bits virtual
power management:

processor	: 2
vendor_id	: GenuineIntel
cpu family	: 6
model		: 23
model name	: Intel(R) Core(TM)2 Quad CPU    Q9400  @ 2.66GHz
stepping	: 10
microcode	: 0xa0c
cpu MHz		: 2659.977
cache size	: 3072 KB
physical id	: 0
siblings	: 4
core id		: 2
cpu cores	: 4
apicid		: 2
initial apicid	: 2
fpu		: yes
fpu_exception	: yes
cpuid level	: 13
wp		: yes
flags		: fpu vme de pse tsc msr pae mce cx8 apic sep mtrr pge mca cmov pat pse36 clflush dts acpi mmx fxsr sse sse2 ss ht tm pbe syscall nx lm constant_tsc arch_perfmon pebs bts rep_good nopl aperfmperf pni dtes64 monitor ds_cpl vmx smx est tm2 ssse3 cx16 xtpr pdcm sse4_1 xsave lahf_lm tpr_shadow vnmi flexpriority dtherm
bugs		:
bogomips	: 5319.95
clflush size	: 64
cache_alignment	: 64
address sizes	: 36 bits physical, 48 bits virtual
power management:

processor	: 3
vendor_id	: GenuineIntel
cpu family	: 6
model		: 23
model name	: Intel(R) Core(TM)2 Quad CPU    Q9400  @ 2.66GHz
stepping	: 10
microcode	: 0xa0c
cpu MHz		: 2659.977
cache size	: 3072 KB
physical id	: 0
siblings	: 4
core id		: 3
cpu cores	: 4
apicid		: 3
initial apicid	: 3
fpu		: yes
fpu_exception	: yes
cpuid level	: 13
wp		: yes
flags		: fpu vme de pse tsc msr pae mce cx8 apic sep mtrr pge mca cmov pat pse36 clflush dts acpi mmx fxsr sse sse2 ss ht tm pbe syscall nx lm constant_tsc arch_perfmon pebs bts rep_good nopl aperfmperf pni dtes64 monitor ds_cpl vmx smx est tm2 ssse3 cx16 xtpr pdcm sse4_1 xsave lahf_lm tpr_shadow vnmi flexpriority dtherm
bugs		:
bogomips	: 5319.95
clflush size	: 64
cache_alignment	: 64
address sizes	: 36 bits physical, 48 bits virtual
power management:



Memory: 4k page, physical 3879948k(85964k free), swap 999420k(0k free)

vm_info: OpenJDK 64-Bit Server VM (25.111-b14) for linux-amd64 JRE (1.8.0_111-8u111-b14-2ubuntu0.16.04.2-b14), built on Oct 27 2016 18:10:19 by "buildd" with gcc 5.4.0 20160609

time: Mon Jan  9 23:50:59 2017
elapsed time: 6 seconds (0d 0h 0m 6s)

